<?xml version="1.0" encoding="UTF-8"?>
<!-- Generated by org.testng.reporters.JUnitXMLReporter -->
<testsuite hostname="ZAUSVDIAPSINHA" ignored="0" name="Regression suite" tests="23" failures="0" timestamp="01 Jan 2019 01:46:03 GMT" time="61217.343" errors="0">
  <testcase name="compare2" time="2624.402" classname="wiley.automation.wol.test.Compare_Selection"/>
  <testcase name="compare2" time="2658.385" classname="wiley.automation.wol.test.Compare_Selection"/>
  <testcase name="compare2" time="2705.239" classname="wiley.automation.wol.test.Compare_Selection"/>
  <testcase name="compare2" time="2518.284" classname="wiley.automation.wol.test.Compare_Selection"/>
  <testcase name="compare2" time="3000.142" classname="wiley.automation.wol.test.Compare_Selection"/>
  <testcase name="compare2" time="2707.785" classname="wiley.automation.wol.test.Compare_Selection"/>
  <testcase name="compare2" time="2664.749" classname="wiley.automation.wol.test.Compare_Selection"/>
  <testcase name="compare2" time="2666.114" classname="wiley.automation.wol.test.Compare_Selection"/>
  <testcase name="compare2" time="2675.669" classname="wiley.automation.wol.test.Compare_Selection"/>
  <testcase name="compare2" time="2674.73" classname="wiley.automation.wol.test.Compare_Selection"/>
  <testcase name="compare2" time="2638.504" classname="wiley.automation.wol.test.Compare_Selection"/>
  <testcase name="compare2" time="2617.163" classname="wiley.automation.wol.test.Compare_Selection"/>
  <testcase name="compare2" time="2639.665" classname="wiley.automation.wol.test.Compare_Selection"/>
  <testcase name="compare2" time="2633.922" classname="wiley.automation.wol.test.Compare_Selection"/>
  <testcase name="compare2" time="2646.507" classname="wiley.automation.wol.test.Compare_Selection"/>
  <testcase name="compare2" time="2626.264" classname="wiley.automation.wol.test.Compare_Selection"/>
  <testcase name="compare2" time="2676.422" classname="wiley.automation.wol.test.Compare_Selection"/>
  <testcase name="compare2" time="2624.471" classname="wiley.automation.wol.test.Compare_Selection"/>
  <testcase name="compare2" time="2673.582" classname="wiley.automation.wol.test.Compare_Selection"/>
  <testcase name="compare2" time="2561.094" classname="wiley.automation.wol.test.Compare_Selection"/>
  <testcase name="compare2" time="2599.446" classname="wiley.automation.wol.test.Compare_Selection"/>
  <testcase name="compare2" time="2594.01" classname="wiley.automation.wol.test.Compare_Selection"/>
  <testcase name="compare2" time="2622.018" classname="wiley.automation.wol.test.Compare_Selection"/>
</testsuite> <!-- Regression suite -->
