<?xml version="1.0" encoding="UTF-8" ?>
<testsuite tests="23" failures="0" name="TestSuite" time="61,334.303" errors="0" skipped="0">
  <properties>
[...]
</properties>
  <testcase name="compare2" time="2,624.414"/>
  <testcase name="compare2" time="2,658.385"/>
  <testcase name="compare2" time="2,705.239"/>
  <testcase name="compare2" time="2,518.284"/>
  <testcase name="compare2" time="3,000.142"/>
  <testcase name="compare2" time="2,707.784"/>
  <testcase name="compare2" time="2,664.75"/>
  <testcase name="compare2" time="2,666.114"/>
  <testcase name="compare2" time="2,675.669"/>
  <testcase name="compare2" time="2,674.73"/>
  <testcase name="compare2" time="2,638.503"/>
  <testcase name="compare2" time="2,617.163"/>
  <testcase name="compare2" time="2,639.665"/>
  <testcase name="compare2" time="2,633.922"/>
  <testcase name="compare2" time="2,646.508"/>
  <testcase name="compare2" time="2,626.263"/>
  <testcase name="compare2" time="2,676.422"/>
  <testcase name="compare2" time="2,624.471"/>
  <testcase name="compare2" time="2,673.581"/>
  <testcase name="compare2" time="2,561.095"/>
  <testcase name="compare2" time="2,599.446"/>
  <testcase name="compare2" time="2,594.01"/>
  <testcase name="compare2" time="2,622.017"/>
</testsuite>